<?xml version="1.0" encoding="UTF-8"?>
<testsuite name="lu.stqa.pft.sandbox.SquareTests" tests="1" skipped="0" failures="0" errors="0" timestamp="2022-11-03T22:12:35" hostname="LAPTOP-H89E27SU" time="0.014">
  <properties/>
  <testcase name="testArea" classname="lu.stqa.pft.sandbox.SquareTests" time="0.014"/>
  <system-out><![CDATA[]]></system-out>
  <system-err><![CDATA[]]></system-err>
</testsuite>
